  Building GameAssembly.dll with MsvcWinRtToolChain
  	Msvc Install Version: 15.0
  	Msvc Install SDK Directory: C:\Program Files (x86)\Windows Kits\10
  	Msvc Linker Path: C:\Program Files (x86)\Microsoft Visual Studio\2019\Community\VC\Tools\MSVC\14.29.30133\bin\HostX64\ARM64\link.exe
  	Msvc Compiler Path: C:\Program Files (x86)\Microsoft Visual Studio\2019\Community\VC\Tools\MSVC\14.29.30133\bin\HostX64\ARM64\cl.exe
  
  	Output directory: H:\Ragrug\ragrug\arclient\unity\June Build\build\bin\ARM64\Release
  	Cache directory: H:\Ragrug\ragrug\arclient\unity\June Build\build\obj\il2cppOutputProject\ARM64\Release
  Il2CppGenericMethodDefinitions.c
  mscorlib_CodeGen.c
  Il2CppGenericMethodTable.c
  Assembly-CSharp_CodeGen.c
  GenericMethods44.cpp
  GenericMethods30.cpp
  GenericMethods29.cpp
  Il2CppGenericAdjustorThunkTable.cpp
  GenericMethods22.cpp
  Il2CppCompilerCalculateTypeValues1.cpp
  Il2CppCompilerCalculateTypeValues2.cpp
  Il2CppCompilerCalculateTypeValues3.cpp
  Il2CppCompilerCalculateTypeValues.cpp
  Il2CppCompilerCalculateTypeValues5.cpp
  Il2CppCompilerCalculateTypeValues4.cpp
  Il2CppInteropDataTable.cpp
  Il2CppGenericClassTable.c
  UnresolvedVirtualCallStubs.cpp
  Il2CppGenericInstDefinitions.c
  Il2CppGenericMethodPointerTable.cpp
  Il2CppAttributes.cpp
  Il2CppInvokerTable.cpp
  Generics96.cpp
  GenericMethods3.cpp
  GenericMethods47.cpp
  Il2CppMetadataUsage.c
  Microsoft.MixedReality.Toolkit.Examples1.cpp
  GenericMethods28.cpp
  GenericMethods31.cpp
  Generics133.cpp
  GenericMethods36.cpp
  GenericMethods46.cpp
  Generics97.cpp
  GenericMethods45.cpp
  Microsoft.MixedReality.Toolkit.Examples.cpp
  GenericMethods34.cpp
  Generics122.cpp
  Generics18.cpp
  Generics21.cpp
  Generics17.cpp
  Il2CppComCallableWrappers1.cpp
  Generics7.cpp
  Generics123.cpp
  Il2CppTypeDefinitions.c
  Generics131.cpp
  Generics114.cpp
  GenericMethods2.cpp
  Generics136.cpp
  Generics47.cpp
  GenericMethods32.cpp
  GenericMethods1.cpp
  Generics119.cpp
  Generics5.cpp
  Generics6.cpp
  Microsoft.MixedReality.Toolkit1.cpp
  GenericMethods53.cpp
  GenericMethods35.cpp
  Generics132.cpp
  GenericMethods50.cpp
  Generics8.cpp
  Generics4.cpp
  Generics130.cpp
  GenericMethods48.cpp
  Generics129.cpp
  Il2CppComCallableWrappers24.cpp
  Generics3.cpp
  mscorlib21.cpp
  Generics135.cpp
  Il2CppComCallableWrappers64.cpp
  Generics9.cpp
  Generics19.cpp
  Il2CppComCallableWrappers25.cpp
  GenericMethods26.cpp
  mscorlib8.cpp
  Generics113.cpp
  GenericMethods49.cpp
  GenericMethods40.cpp
  GenericMethods38.cpp
  GenericMethods27.cpp
  mscorlib2.cpp
  GenericMethods25.cpp
  Generics140.cpp
  mscorlib.cpp
  mscorlib10.cpp
  Generics100.cpp
  Il2CppComCallableWrappers2.cpp
  Il2CppComCallableWrappers22.cpp
  Il2CppComCallableWrappers21.cpp
  Generics59.cpp
  GenericMethods.cpp
  Generics2.cpp
  System5.cpp
  Generics101.cpp
  Generics116.cpp
  Il2CppComCallableWrappers3.cpp
  Il2CppComCallableWrappers65.cpp
  Il2CppComCallableWrappers55.cpp
  Il2CppCompilerCalculateTypeValuesTable.cpp
  Assembly-CSharp28.cpp
  Il2CppComCallableWrappers50.cpp
  Generics139.cpp
  Generics79.cpp
  Generics22.cpp
  Generics56.cpp
  Generics20.cpp
  Il2CppProjectedComCallableWrapperMethods8.cpp
  Generics57.cpp
  Generics98.cpp
  Generics60.cpp
  Generics103.cpp
  Il2CppComCallableWrappers42.cpp
  UnityEngine.CoreModule2.cpp
  mscorlib7.cpp
  GenericMethods4.cpp
  Generics115.cpp
  Generics126.cpp
  GenericMethods39.cpp
  Generics77.cpp
  mscorlib18.cpp
  Generics.cpp
  UnityEngine.CoreModule1.cpp
  Generics125.cpp
  Il2CppComCallableWrappers41.cpp
  Generics127.cpp
  Il2CppComCallableWrappers54.cpp
  Il2CppComCallableWrappers45.cpp
  Generics99.cpp
  Il2CppComCallableWrappers9.cpp
  Il2CppComCallableWrappers49.cpp
  Il2CppComCallableWrappers26.cpp
  Il2CppComCallableWrappers51.cpp
  Il2CppComCallableWrappers48.cpp
  Il2CppComCallableWrappers56.cpp
  Il2CppComCallableWrappers19.cpp
  GenericMethods24.cpp
  Il2CppComCallableWrappers67.cpp
  GenericMethods33.cpp
  Generics61.cpp
  Generics74.cpp
  Il2CppComCallableWrappers36.cpp
  Il2CppComCallableWrappers20.cpp
  Generics16.cpp
  Generics124.cpp
  Generics81.cpp
  Il2CppComCallableWrappers63.cpp
  Generics102.cpp
  Il2CppComCallableWrappers62.cpp
  Il2CppComCallableWrappers68.cpp
  Il2CppComCallableWrappers38.cpp
  Il2CppComCallableWrappers37.cpp
  Il2CppComCallableWrappers52.cpp
  Generics1.cpp
  Il2CppComCallableWrappers59.cpp
  Generics128.cpp
  Generics58.cpp
  Il2CppComCallableWrappers57.cpp
  Il2CppComCallableWrappers43.cpp
  Il2CppComCallableWrappers23.cpp
  Il2CppComCallableWrappers58.cpp
  Il2CppComCallableWrappers76.cpp
  Il2CppComCallableWrappers34.cpp
  Il2CppComCallableWrappers35.cpp
  Il2CppComCallableWrappers53.cpp
  Il2CppComCallableWrappers61.cpp
  Il2CppComCallableWrappers72.cpp
  Generics86.cpp
  Il2CppComCallableWrappers70.cpp
  Il2CppComCallableWrappers5.cpp
  GenericMethods37.cpp
  Il2CppComCallableWrappers28.cpp
  Il2CppComCallableWrappers7.cpp
  Generics121.cpp
  Generics48.cpp
  Generics82.cpp
  Il2CppComCallableWrappers33.cpp
  Generics78.cpp
  Generics23.cpp
  Generics62.cpp
  Generics141.cpp
  Generics76.cpp
  Il2CppComCallableWrappers71.cpp
  Il2CppComCallableWrappers46.cpp
  Microsoft.MixedReality.Toolkit.Providers.WindowsMixedReality.cpp
  Il2CppComCallableWrappers30.cpp
  Il2CppComCallableWrappers31.cpp
  Il2CppComCallableWrappers73.cpp
  Il2CppComCallableWrappers40.cpp
  Il2CppComCallableWrappers15.cpp
  Il2CppComCallableWrappers75.cpp
  Generics80.cpp
  Generics109.cpp
  Il2CppComCallableWrappers60.cpp
  Generics134.cpp
  Il2CppComCallableWrappers74.cpp
  Generics45.cpp
  Il2CppComCallableWrappers32.cpp
  Il2CppCompilerCalculateTypeValues6.cpp
  Il2CppComCallableWrappers69.cpp
  Il2CppComCallableWrappers39.cpp
  Generics71.cpp
  Il2CppComCallableWrappers12.cpp
  Generics144.cpp
  GenericMethods52.cpp
  Generics83.cpp
  Generics117.cpp
  Il2CppComCallableWrappers47.cpp
  Generics68.cpp
  Il2CppComCallableWrappers14.cpp
  Il2CppComCallableWrappers13.cpp
  Generics105.cpp
  Il2CppComCallableWrappers66.cpp
  Il2CppComCallableWrappers8.cpp
  Il2CppComCallableWrappers44.cpp
  GenericMethods41.cpp
  GenericMethods51.cpp
  Generics118.cpp
  Generics25.cpp
  Generics26.cpp
  Generics29.cpp
  GenericMethods43.cpp
  Generics110.cpp
  Generics87.cpp
  Il2CppComCallableWrappers27.cpp
  Core.cpp
  Microsoft.MixedReality.Toolkit.Gltf.cpp
  Generics27.cpp
  GenericMethods42.cpp
  Generics112.cpp
  Generics137.cpp
  Generics106.cpp
  Generics143.cpp
  Generics107.cpp
  Generics70.cpp
  Generics89.cpp
  Generics142.cpp
  Generics104.cpp
  Generics146.cpp
  Generics88.cpp
  Generics44.cpp
  Generics90.cpp
  Generics75.cpp
  Il2CppComCallableWrappers16.cpp
  Generics85.cpp
  Generics108.cpp
  Generics38.cpp
  Generics24.cpp
  Generics69.cpp
  Generics15.cpp
  GenericMethods23.cpp
  Generics46.cpp
  Generics84.cpp
  Generics37.cpp
  Generics93.cpp
  Generics145.cpp
  Il2CppComCallableWrappers29.cpp
  Generics95.cpp
  Generics40.cpp
  Generics94.cpp
  Generics147.cpp
  Generics33.cpp
  Il2CppComCallableWrappers6.cpp
  Generics43.cpp
  Generics111.cpp
  Generics32.cpp
  Generics31.cpp
  Generics30.cpp
  Generics91.cpp
  Generics28.cpp
  Il2CppComCallableWrappers18.cpp
  Generics42.cpp
  Generics34.cpp
  Generics92.cpp
  Generics50.cpp
  Generics39.cpp
  Il2CppProjectedComCallableWrapperMethods5.cpp
  Generics63.cpp
  Generics36.cpp
  Generics35.cpp
  Generics73.cpp
  Generics138.cpp
  Il2CppProjectedComCallableWrapperMethods6.cpp
  Il2CppComCallableWrappers77.cpp
  Il2CppComCallableWrappers11.cpp
  Generics64.cpp
  Il2CppProjectedComCallableWrapperMethods7.cpp
  Generics51.cpp
  Generics66.cpp
  Il2CppComCallableWrappers17.cpp
  Il2CppGenericComDefinitions.cpp
  Generics49.cpp
  Generics67.cpp
  Generics53.cpp
  Generics41.cpp
  Il2CppComCallableWrappers10.cpp
  Generics52.cpp
  Generics13.cpp
  Microsoft.MixedReality.Toolkit.SDK_CodeGen.c
  Microsoft.MixedReality.Toolkit_CodeGen.c
  Generics54.cpp
  Generics55.cpp
  Generics120.cpp
  Generics12.cpp
  Generics11.cpp
  WindowsRuntimeMetadata.cpp
  Generics65.cpp
  Generics72.cpp
  Vuforia.UnityExtensions_CodeGen.c
  Il2CppComCallableWrappers4.cpp
  System.Xml_CodeGen.c
  System_CodeGen.c
  Unity.Entities_CodeGen.c
  System.Core_CodeGen.c
  UnityEngine.CoreModule_CodeGen.c
  System.Runtime.Serialization_CodeGen.c
  UnityEngine.CoreModule3.cpp
  System.Runtime.WindowsRuntime.cpp
  Unity.Physics_CodeGen.c
  Microsoft.MixedReality.Toolkit.Services.DiagnosticsSystem.cpp
  Platform.cpp
  GenericMethods54.cpp
  UnityEngine.UI_CodeGen.c
  Unity.TextMeshPro_CodeGen.c
  Unity.Collections_CodeGen.c
  Unity.Mathematics_CodeGen.c
  Microsoft.MixedReality.Toolkit.Examples_CodeGen.c
  Microsoft.MixedReality.Toolkit.Examples2.cpp
  UnityEngine.PhysicsModule.cpp
  UnityEngine.UIElementsModule_CodeGen.c
  Unity.Physics.Hybrid_CodeGen.c
  WindowsRuntimeMetadata_CodeGen.c
  Microsoft.MixedReality.Toolkit.Demos.Gltf.cpp
  Unity.Properties_CodeGen.c
  Microsoft.MixedReality.Toolkit.Services.InputSystem_CodeGen.c
  Microsoft.MixedReality.Toolkit.Demos.UX.Interactables.cpp
  UnityEngine.VRModule_CodeGen.c
  Unity.Entities.Hybrid_CodeGen.c
  DOTween_CodeGen.c
  UnityEngine.IMGUIModule_CodeGen.c
  Microsoft.MixedReality.Toolkit.Services.InputSimulation_CodeGen.c
  Unity.Scenes.Hybrid_CodeGen.c
  Core_CodeGen.c
  System.Runtime.WindowsRuntime_CodeGen.c
  System.ServiceModel.Internals_CodeGen.c
  UnityEngine.PhysicsModule_CodeGen.c
  Microsoft.MixedReality.Toolkit.Providers.WindowsMixedReality_CodeGen.c
  I18N.Rare_CodeGen.c
  Microsoft.MixedReality.Toolkit.Gltf_CodeGen.c
  Microsoft.MixedReality.Toolkit.Services.SceneSystem_CodeGen.c
  UnityEngine.AndroidJNIModule_CodeGen.c
  I18N.CJK_CodeGen.c
  CommonScripts_CodeGen.c
  Unity.Serialization_CodeGen.c
  SamplesScripts_CodeGen.c
  Platform_CodeGen.c
  Microsoft.MixedReality.Toolkit.Extensions.SceneTransitionService_CodeGen.c
  UnityEngine.TextCoreModule_CodeGen.c
  UnityEngine.XRModule_CodeGen.c
  Microsoft.MixedReality.Toolkit.Services.InputAnimation_CodeGen.c
  UnityEngine.UnityWebRequestModule_CodeGen.c
  Microsoft.MixedReality.Toolkit.Async_CodeGen.c
  Microsoft.MixedReality.Toolkit.Services.DiagnosticsSystem_CodeGen.c
  UnityEngine.AnimationModule_CodeGen.c
  UnityEngine.UIModule_CodeGen.c
  Unity.Transforms_CodeGen.c
  I18N_CodeGen.c
  UnityEngine.ParticleSystemModule_CodeGen.c
  I18N.West_CodeGen.c
  Microsoft.MixedReality.Toolkit.Demos.InspectorFields.cpp
  UnityEngine.InputLegacyModule_CodeGen.c
  Microsoft.MixedReality.Toolkit.Providers.WindowsVoiceInput_CodeGen.c
  UnityEngine.AudioModule_CodeGen.c
  UnityEngine.TextRenderingModule_CodeGen.c
  I18N.Other_CodeGen.c
  Microsoft.MixedReality.Toolkit.Providers.XRSDK_CodeGen.c
  UnityEngine.Physics2DModule_CodeGen.c
  Microsoft.MixedReality.Toolkit.Providers.WindowsMixedReality.Shared_CodeGen.c
  Il2CppCodeRegistration.cpp
  Microsoft.MixedReality.Toolkit.Extensions.HandPhysics_CodeGen.c
  Unity.Burst_CodeGen.c
  UnityEngine.TerrainModule_CodeGen.c
  Microsoft.MixedReality.Toolkit.Providers.XRSDK.WindowsMixedReality_CodeGen.c
  VuforiaScripts_CodeGen.c
  System.Numerics_CodeGen.c
  Utils_CodeGen.c
  I18N.MidEast_CodeGen.c
  Unity.Transforms.Hybrid_CodeGen.c
  Microsoft.MixedReality.Toolkit.Services.SpatialAwarenessSystem_CodeGen.c
  UnityEngine.TilemapModule_CodeGen.c
  Microsoft.MixedReality.Toolkit.Extensions.Tracking_CodeGen.c
  Microsoft.MixedReality.Toolkit.Services.TeleportSystem_CodeGen.c
  UnityEngine.VideoModule_CodeGen.c
  UnityEngine.AssetBundleModule_CodeGen.c
  Unity.Jobs_CodeGen.c
  Tools_CodeGen.c
  UnityEngine.UnityAnalyticsModule_CodeGen.c
  Microsoft.MixedReality.Toolkit.Demos.Gltf_CodeGen.c
  UnityEngine.SubsystemsModule_CodeGen.c
  UnityEngine.InputModule_CodeGen.c
  Unity.Mathematics.Extensions_CodeGen.c
  UnityEngine.JSONSerializeModule_CodeGen.c
  Microsoft.MixedReality.Toolkit.Demos.UX.Interactables_CodeGen.c
  Microsoft.MixedReality.Toolkit.Demos.InspectorFields_CodeGen.c
  Il2CppMetadataRegistration.c
  ObjectFiles: 713 of which compiled: 403
  	Time Compile: 80004 milliseconds Il2CppTypeDefinitions.c
  	Time Compile: 62893 milliseconds Il2CppMetadataUsage.c
  	Time Compile: 56518 milliseconds Il2CppInvokerTable.cpp
  	Time Compile: 54359 milliseconds Il2CppAttributes.cpp
  	Time Compile: 52504 milliseconds Il2CppGenericMethodPointerTable.cpp
  	Time Compile: 49620 milliseconds Il2CppGenericInstDefinitions.c
  	Time Compile: 48748 milliseconds UnresolvedVirtualCallStubs.cpp
  	Time Compile: 47918 milliseconds Il2CppGenericClassTable.c
  	Time Compile: 46720 milliseconds Il2CppInteropDataTable.cpp
  	Time Compile: 46702 milliseconds Il2CppCompilerCalculateTypeValues4.cpp
  Total compilation time: 467133 milliseconds.
  Bibliothek "H:\Ragrug\ragrug\arclient\unity\June Build\build\obj\il2cppOutputProject\ARM64\Release\linkresult_17C2D72F6F7BBD2E3F5C3FBF3F81E9AE\GameAssembly.lib" und Objekt "H:\Ragrug\ragrug\arclient\unity\June Build\build\obj\il2cppOutputProject\ARM64\Release\linkresult_17C2D72F6F7BBD2E3F5C3FBF3F81E9AE\GameAssembly.exp" werden erstellt.
  Total link time: 464789 milliseconds.
  Cleaned up 784 object files.
